[    0.000000] Linux version 4.15.0-151-generic (buildd@lgw01-amd64-042) (gcc version 7.5.0 (Ubuntu 7.5.0-3ubuntu1~18.04)) #157-Ubuntu SMP Fri Jul 9 23:07:57 UTC 2021 (Ubuntu 4.15.0-151.157-generic 4.15.18)
[    0.000000] Command line: BOOT_IMAGE=/boot/vmlinuz-4.15.0-151-generic root=LABEL=cloudimg-rootfs ro console=tty1 console=ttyS0
[    0.000000] KERNEL supported cpus:
[    0.000000]   Intel GenuineIntel
[    0.000000]   AMD AuthenticAMD
[    0.000000]   Centaur CentaurHauls
[    0.000000] x86/fpu: Supporting XSAVE feature 0x001: 'x87 floating point registers'
[    0.000000] x86/fpu: Supporting XSAVE feature 0x002: 'SSE registers'
[    0.000000] x86/fpu: Supporting XSAVE feature 0x004: 'AVX registers'
[    0.000000] x86/fpu: xstate_offset[2]:  576, xstate_sizes[2]:  256
[    0.000000] x86/fpu: Enabled xstate features 0x7, context size is 832 bytes, using 'standard' format.
[    0.000000] e820: BIOS-provided physical RAM map:
[    0.000000] BIOS-e820: [mem 0x0000000000000000-0x000000000009fbff] usable
[    0.000000] BIOS-e820: [mem 0x000000000009fc00-0x000000000009ffff] reserved
[    0.000000] BIOS-e820: [mem 0x00000000000f0000-0x00000000000fffff] reserved
[    0.000000] BIOS-e820: [mem 0x0000000000100000-0x000000000ffeffff] usable
[    0.000000] BIOS-e820: [mem 0x000000000fff0000-0x000000000fffffff] ACPI data
[    0.000000] BIOS-e820: [mem 0x00000000fec00000-0x00000000fec00fff] reserved
[    0.000000] BIOS-e820: [mem 0x00000000fee00000-0x00000000fee00fff] reserved
[    0.000000] BIOS-e820: [mem 0x00000000fffc0000-0x00000000ffffffff] reserved
[    0.000000] NX (Execute Disable) protection: active
[    0.000000] SMBIOS 2.5 present.
[    0.000000] DMI: innotek GmbH VirtualBox/VirtualBox, BIOS VirtualBox 12/01/2006
[    0.000000] Hypervisor detected: KVM
[    0.000000] e820: last_pfn = 0xfff0 max_arch_pfn = 0x400000000
[    0.000000] MTRR: Disabled
[    0.000000] x86/PAT: MTRRs disabled, skipping PAT initialization too.
[    0.000000] CPU MTRRs all blank - virtualized system.
[    0.000000] x86/PAT: Configuration [0-7]: WB  WT  UC- UC  WB  WT  UC- UC  
[    0.000000] found SMP MP-table at [mem 0x0009fff0-0x0009ffff]
[    0.000000] Scanning 1 areas for low memory corruption
[    0.000000] RAMDISK: [mem 0x0dafc000-0x0ee0afff]
[    0.000000] ACPI: Early table checksum verification disabled
[    0.000000] ACPI: RSDP 0x00000000000E0000 000024 (v02 VBOX  )
[    0.000000] ACPI: XSDT 0x000000000FFF0030 00003C (v01 VBOX   VBOXXSDT 00000001 ASL  00000061)
[    0.000000] ACPI: FACP 0x000000000FFF00F0 0000F4 (v04 VBOX   VBOXFACP 00000001 ASL  00000061)
[    0.000000] ACPI: DSDT 0x000000000FFF0470 002325 (v02 VBOX   VBOXBIOS 00000002 INTL 20190509)
[    0.000000] ACPI: FACS 0x000000000FFF0200 000040
[    0.000000] ACPI: FACS 0x000000000FFF0200 000040
[    0.000000] ACPI: APIC 0x000000000FFF0240 00005C (v02 VBOX   VBOXAPIC 00000001 ASL  00000061)
[    0.000000] ACPI: SSDT 0x000000000FFF02A0 0001CC (v01 VBOX   VBOXCPUT 00000002 INTL 20190509)
[    0.000000] ACPI: Reserving FACP table memory at [mem 0xfff00f0-0xfff01e3]
[    0.000000] ACPI: Reserving DSDT table memory at [mem 0xfff0470-0xfff2794]
[    0.000000] ACPI: Reserving FACS table memory at [mem 0xfff0200-0xfff023f]
[    0.000000] ACPI: Reserving FACS table memory at [mem 0xfff0200-0xfff023f]
[    0.000000] ACPI: Reserving APIC table memory at [mem 0xfff0240-0xfff029b]
[    0.000000] ACPI: Reserving SSDT table memory at [mem 0xfff02a0-0xfff046b]
[    0.000000] No NUMA configuration found
[    0.000000] Faking a node at [mem 0x0000000000000000-0x000000000ffeffff]
[    0.000000] NODE_DATA(0) allocated [mem 0x0ffc5000-0x0ffeffff]
[    0.000000] kvm-clock: cpu 0, msr 0:ff44001, primary cpu clock
[    0.000000] kvm-clock: Using msrs 4b564d01 and 4b564d00
[    0.000000] kvm-clock: using sched offset of 3639933980 cycles
[    0.000000] clocksource: kvm-clock: mask: 0xffffffffffffffff max_cycles: 0x1cd42e4dffb, max_idle_ns: 881590591483 ns
[    0.000000] Zone ranges:
[    0.000000]   DMA      [mem 0x0000000000001000-0x0000000000ffffff]
[    0.000000]   DMA32    [mem 0x0000000001000000-0x000000000ffeffff]
[    0.000000]   Normal   empty
[    0.000000]   Device   empty
[    0.000000] Movable zone start for each node
[    0.000000] Early memory node ranges
[    0.000000]   node   0: [mem 0x0000000000001000-0x000000000009efff]
[    0.000000]   node   0: [mem 0x0000000000100000-0x000000000ffeffff]
[    0.000000] Reserved but unavailable: 104 pages
[    0.000000] Initmem setup node 0 [mem 0x0000000000001000-0x000000000ffeffff]
[    0.000000] ACPI: PM-Timer IO Port: 0x4008
[    0.000000] IOAPIC[0]: apic_id 2, version 32, address 0xfec00000, GSI 0-23
[    0.000000] ACPI: INT_SRC_OVR (bus 0 bus_irq 0 global_irq 2 dfl dfl)
[    0.000000] ACPI: INT_SRC_OVR (bus 0 bus_irq 9 global_irq 9 low level)
[    0.000000] Using ACPI (MADT) for SMP configuration information
[    0.000000] smpboot: Allowing 2 CPUs, 0 hotplug CPUs
[    0.000000] PM: Registered nosave memory: [mem 0x00000000-0x00000fff]
[    0.000000] PM: Registered nosave memory: [mem 0x0009f000-0x0009ffff]
[    0.000000] PM: Registered nosave memory: [mem 0x000a0000-0x000effff]
[    0.000000] PM: Registered nosave memory: [mem 0x000f0000-0x000fffff]
[    0.000000] e820: [mem 0x10000000-0xfebfffff] available for PCI devices
[    0.000000] Booting paravirtualized kernel on KVM
[    0.000000] clocksource: refined-jiffies: mask: 0xffffffff max_cycles: 0xffffffff, max_idle_ns: 7645519600211568 ns
[    0.000000] random: get_random_bytes called from start_kernel+0x99/0x500 with crng_init=0
[    0.000000] setup_percpu: NR_CPUS:8192 nr_cpumask_bits:2 nr_cpu_ids:2 nr_node_ids:1
[    0.000000] percpu: Embedded 45 pages/cpu s147456 r8192 d28672 u1048576
[    0.000000] PV qspinlock hash table entries: 256 (order: 0, 4096 bytes)
[    0.000000] Built 1 zonelists, mobility grouping on.  Total pages: 64377
[    0.000000] Policy zone: DMA32
[    0.000000] Kernel command line: BOOT_IMAGE=/boot/vmlinuz-4.15.0-151-generic root=LABEL=cloudimg-rootfs ro console=tty1 console=ttyS0
[    0.000000] Memory: 208576K/261688K available (12300K kernel code, 2483K rwdata, 4320K rodata, 2448K init, 2724K bss, 53112K reserved, 0K cma-reserved)
[    0.000000] SLUB: HWalign=64, Order=0-3, MinObjects=0, CPUs=2, Nodes=1
[    0.000000] Kernel/User page tables isolation: enabled
[    0.000000] ftrace: allocating 39460 entries in 155 pages
[    0.004000] Hierarchical RCU implementation.
[    0.004000] 	RCU restricting CPUs from NR_CPUS=8192 to nr_cpu_ids=2.
[    0.004000] 	Tasks RCU enabled.
[    0.004000] RCU: Adjusting geometry for rcu_fanout_leaf=16, nr_cpu_ids=2
[    0.004000] NR_IRQS: 524544, nr_irqs: 440, preallocated irqs: 16
[    0.004000] Console: colour VGA+ 80x25
[    0.004000] console [tty1] enabled
[    0.004000] console [ttyS0] enabled
[    0.004000] ACPI: Core revision 20170831
[    0.004000] ACPI: 2 ACPI AML tables successfully acquired and loaded
[    0.004000] APIC: Switch to symmetric I/O mode setup
[    0.004000] x2apic enabled
[    0.004000] Switched APIC routing to physical x2apic.
[    0.004000] ..TIMER: vector=0x30 apic1=0 pin1=2 apic2=-1 pin2=-1
[    0.004006] tsc: Detected 2594.104 MHz processor
[    0.005111] Calibrating delay loop (skipped) preset value.. 5188.20 BogoMIPS (lpj=10376416)
[    0.005972] pid_max: default: 32768 minimum: 301
[    0.008043] Security Framework initialized
[    0.008884] Yama: becoming mindful.
[    0.009564] AppArmor: AppArmor initialized
[    0.010304] Dentry cache hash table entries: 32768 (order: 6, 262144 bytes)
[    0.012027] Inode-cache hash table entries: 16384 (order: 5, 131072 bytes)
[    0.013105] Mount-cache hash table entries: 512 (order: 0, 4096 bytes)
[    0.014118] Mountpoint-cache hash table entries: 512 (order: 0, 4096 bytes)
[    0.015470] Last level iTLB entries: 4KB 512, 2MB 8, 4MB 8
[    0.016004] Last level dTLB entries: 4KB 512, 2MB 32, 4MB 32, 1GB 0
[    0.016989] Spectre V1 : Mitigation: usercopy/swapgs barriers and __user pointer sanitization
[    0.018318] Spectre V2 : Mitigation: Full generic retpoline
[    0.019175] Spectre V2 : Spectre v2 / SpectreRSB mitigation: Filling RSB on context switch
[    0.020003] Speculative Store Bypass: Vulnerable
[    0.020800] SRBDS: Unknown: Dependent on hypervisor status
[    0.021661] MDS: Mitigation: Clear CPU buffers
[    0.022565] Freeing SMP alternatives memory: 36K
[    0.134698] smpboot: CPU0: Intel(R) Core(TM) i5-3230M CPU @ 2.60GHz (family: 0x6, model: 0x3a, stepping: 0x9)
[    0.136000] Performance Events: unsupported p6 CPU model 58 no PMU driver, software events only.
[    0.136094] Hierarchical SRCU implementation.
[    0.137809] NMI watchdog: Perf event create on CPU 0 failed with -2
[    0.140005] NMI watchdog: Perf NMI watchdog permanently disabled
[    0.141069] smp: Bringing up secondary CPUs ...
[    0.141924] x86: Booting SMP configuration:
[    0.142628] .... node  #0, CPUs:      #1
[    0.004000] kvm-clock: cpu 1, msr 0:ff44041, secondary cpu clock
[    0.148041] smp: Brought up 1 node, 2 CPUs
[    0.148779] smpboot: Max logical packages: 1
[    0.149466] smpboot: Total of 2 processors activated (10376.41 BogoMIPS)
[    0.150706] devtmpfs: initialized
[    0.150706] x86/mm: Memory block size: 128MB
[    0.152117] evm: security.selinux
[    0.152682] evm: security.SMACK64
[    0.153239] evm: security.SMACK64EXEC
[    0.153917] evm: security.SMACK64TRANSMUTE
[    0.154598] evm: security.SMACK64MMAP
[    0.155220] evm: security.apparmor
[    0.156004] evm: security.ima
[    0.156532] evm: security.capability
[    0.157197] clocksource: jiffies: mask: 0xffffffff max_cycles: 0xffffffff, max_idle_ns: 7645041785100000 ns
[    0.157582] futex hash table entries: 512 (order: 3, 32768 bytes)
[    0.160052] pinctrl core: initialized pinctrl subsystem
[    0.161007] RTC time: 17:19:47, date: 08/01/21
[    0.161968] NET: Registered protocol family 16
[    0.162758] audit: initializing netlink subsys (disabled)
[    0.164047] audit: type=2000 audit(1627838393.409:1): state=initialized audit_enabled=0 res=1
[    0.165433] cpuidle: using governor ladder
[    0.165433] cpuidle: using governor menu
[    0.165433] ACPI: bus type PCI registered
[    0.166081] acpiphp: ACPI Hot Plug PCI Controller Driver version: 0.5
[    0.168107] PCI: Using configuration type 1 for base access
[    0.169065] HugeTLB registered 2.00 MiB page size, pre-allocated 0 pages
[    0.172094] ACPI: Added _OSI(Module Device)
[    0.172784] ACPI: Added _OSI(Processor Device)
[    0.173891] ACPI: Added _OSI(3.0 _SCP Extensions)
[    0.174995] ACPI: Added _OSI(Processor Aggregator Device)
[    0.176006] ACPI: Added _OSI(Linux-Dell-Video)
[    0.177072] ACPI: Added _OSI(Linux-Lenovo-NV-HDMI-Audio)
[    0.178305] ACPI: Added _OSI(Linux-HPI-Hybrid-Graphics)
[    0.180361] ACPI: Executed 1 blocks of module-level executable AML code
[    0.188475] ACPI: Interpreter enabled
[    0.189404] ACPI: (supports S0 S5)
[    0.190006] ACPI: Using IOAPIC for interrupt routing
[    0.191091] PCI: Using host bridge windows from ACPI; if necessary, use "pci=nocrs" and report a bug
[    0.192189] ACPI: Enabled 2 GPEs in block 00 to 07
[    0.200128] ACPI: PCI Root Bridge [PCI0] (domain 0000 [bus 00-ff])
[    0.201199] acpi PNP0A03:00: _OSC: OS supports [ASPM ClockPM Segments MSI]
[    0.202833] acpi PNP0A03:00: _OSC: not requesting OS control; OS requires [ExtendedConfig ASPM ClockPM MSI]
[    0.204017] acpi PNP0A03:00: fail to add MMCONFIG information, can't access extended PCI configuration space under this bridge.
[    0.206231] PCI host bridge to bus 0000:00
[    0.206941] pci_bus 0000:00: root bus resource [io  0x0000-0x0cf7 window]
[    0.208005] pci_bus 0000:00: root bus resource [io  0x0d00-0xffff window]
[    0.209051] pci_bus 0000:00: root bus resource [mem 0x000a0000-0x000bffff window]
[    0.210987] pci_bus 0000:00: root bus resource [mem 0x10000000-0xfdffffff window]
[    0.212007] pci_bus 0000:00: root bus resource [bus 00-ff]
[    0.214854] pci 0000:00:01.1: legacy IDE quirk: reg 0x10: [io  0x01f0-0x01f7]
[    0.216005] pci 0000:00:01.1: legacy IDE quirk: reg 0x14: [io  0x03f6]
[    0.217061] pci 0000:00:01.1: legacy IDE quirk: reg 0x18: [io  0x0170-0x0177]
[    0.218194] pci 0000:00:01.1: legacy IDE quirk: reg 0x1c: [io  0x0376]
[    0.231304] pci 0000:00:07.0: quirk: [io  0x4000-0x403f] claimed by PIIX4 ACPI
[    0.232021] pci 0000:00:07.0: quirk: [io  0x4100-0x410f] claimed by PIIX4 SMB
[    0.241497] ACPI: PCI Interrupt Link [LNKA] (IRQs 5 9 10 *11)
[    0.242953] ACPI: PCI Interrupt Link [LNKB] (IRQs 5 9 *10 11)
[    0.244147] ACPI: PCI Interrupt Link [LNKC] (IRQs 5 *9 10 11)
[    0.245663] ACPI: PCI Interrupt Link [LNKD] (IRQs 5 9 10 *11)
[    0.247224] SCSI subsystem initialized
[    0.248067] pci 0000:00:02.0: vgaarb: setting as boot VGA device
[    0.249045] pci 0000:00:02.0: vgaarb: VGA device added: decodes=io+mem,owns=io+mem,locks=none
[    0.250427] pci 0000:00:02.0: vgaarb: bridge control possible
[    0.251323] vgaarb: loaded
[    0.252065] ACPI: bus type USB registered
[    0.252781] usbcore: registered new interface driver usbfs
[    0.253660] usbcore: registered new interface driver hub
[    0.254516] usbcore: registered new device driver usb
[    0.255390] EDAC MC: Ver: 3.0.0
[    0.257077] PCI: Using ACPI for IRQ routing
[    0.260169] NetLabel: Initializing
[    0.261131] NetLabel:  domain hash size = 128
[    0.262308] NetLabel:  protocols = UNLABELED CIPSOv4 CALIPSO
[    0.263811] NetLabel:  unlabeled traffic allowed by default
[    0.264118] clocksource: Switched to clocksource kvm-clock
[    0.278463] VFS: Disk quotas dquot_6.6.0
[    0.279322] VFS: Dquot-cache hash table entries: 512 (order 0, 4096 bytes)
[    0.280498] AppArmor: AppArmor Filesystem Enabled
[    0.281340] pnp: PnP ACPI init
[    0.282983] pnp: PnP ACPI: found 3 devices
[    0.293340] clocksource: acpi_pm: mask: 0xffffff max_cycles: 0xffffff, max_idle_ns: 2085701024 ns
[    0.295487] NET: Registered protocol family 2
[    0.296817] TCP established hash table entries: 2048 (order: 2, 16384 bytes)
[    0.298425] TCP bind hash table entries: 2048 (order: 3, 32768 bytes)
[    0.299869] TCP: Hash tables configured (established 2048 bind 2048)
[    0.301425] UDP hash table entries: 256 (order: 1, 8192 bytes)
[    0.302758] UDP-Lite hash table entries: 256 (order: 1, 8192 bytes)
[    0.304230] NET: Registered protocol family 1
[    0.305522] pci 0000:00:00.0: Limiting direct PCI/PCI transfers
[    0.307094] pci 0000:00:01.0: Activating ISA DMA hang workarounds
[    0.308831] pci 0000:00:02.0: Video device with shadowed ROM at [mem 0x000c0000-0x000dffff]
[    0.311191] Unpacking initramfs...
[    0.580470] Freeing initrd memory: 19516K
[    0.581435] clocksource: tsc: mask: 0xffffffffffffffff max_cycles: 0x25647a45c02, max_idle_ns: 440795287674 ns
[    0.583067] platform rtc_cmos: registered platform RTC device (no PNP device found)
[    0.584583] Scanning for low memory corruption every 60 seconds
[    0.586515] Initialise system trusted keyrings
[    0.587262] Key type blacklist registered
[    0.588012] workingset: timestamp_bits=36 max_order=16 bucket_order=0
[    0.590680] zbud: loaded
[    0.591963] squashfs: version 4.0 (2009/01/31) Phillip Lougher
[    0.593736] fuse init (API version 7.26)
[    0.598867] Key type asymmetric registered
[    0.599727] Asymmetric key parser 'x509' registered
[    0.600600] Block layer SCSI generic (bsg) driver version 0.4 loaded (major 246)
[    0.602400] io scheduler noop registered
[    0.603355] io scheduler deadline registered
[    0.604434] io scheduler cfq registered (default)
[    0.605837] ACPI: AC Adapter [AC] (on-line)
[    0.606974] input: Power Button as /devices/LNXSYSTM:00/LNXPWRBN:00/input/input0
[    0.608740] ACPI: Power Button [PWRF]
[    0.609706] input: Sleep Button as /devices/LNXSYSTM:00/LNXSLPBN:00/input/input1
[    0.611439] ACPI: Sleep Button [SLPF]
[    0.613718] ACPI: Battery Slot [BAT0] (battery present)
[    0.615153] Serial: 8250/16550 driver, 32 ports, IRQ sharing enabled
[    0.637398] 00:02: ttyS0 at I/O 0x3f8 (irq = 4, base_baud = 115200) is a 16550A
[    0.642670] Linux agpgart interface v0.103
[    0.645334] loop: module loaded
[    0.646615] scsi host0: ata_piix
[    0.647403] scsi host1: ata_piix
[    0.648109] ata1: PATA max UDMA/33 cmd 0x1f0 ctl 0x3f6 bmdma 0xd000 irq 14
[    0.649207] ata2: PATA max UDMA/33 cmd 0x170 ctl 0x376 bmdma 0xd008 irq 15
[    0.650488] libphy: Fixed MDIO Bus: probed
[    0.651224] tun: Universal TUN/TAP device driver, 1.6
[    0.652157] PPP generic driver version 2.4.2
[    0.653058] ehci_hcd: USB 2.0 'Enhanced' Host Controller (EHCI) Driver
[    0.654099] ehci-pci: EHCI PCI platform driver
[    0.654838] ehci-platform: EHCI generic platform driver
[    0.655707] ohci_hcd: USB 1.1 'Open' Host Controller (OHCI) Driver
[    0.656769] ohci-pci: OHCI PCI platform driver
[    0.657515] ohci-platform: OHCI generic platform driver
[    0.658350] uhci_hcd: USB Universal Host Controller Interface driver
[    0.659400] i8042: PNP: PS/2 Controller [PNP0303:PS2K,PNP0f03:PS2M] at 0x60,0x64 irq 1,12
[    0.661288] serio: i8042 KBD port at 0x60,0x64 irq 1
[    0.662133] serio: i8042 AUX port at 0x60,0x64 irq 12
[    0.663159] mousedev: PS/2 mouse device common for all mice
[    0.664853] input: AT Translated Set 2 keyboard as /devices/platform/i8042/serio0/input/input2
[    0.666495] rtc_cmos rtc_cmos: rtc core: registered rtc_cmos as rtc0
[    0.667566] rtc_cmos rtc_cmos: alarms up to one day, 114 bytes nvram
[    0.668652] i2c /dev entries driver
[    0.670842] device-mapper: uevent: version 1.0.3
[    0.672073] device-mapper: ioctl: 4.37.0-ioctl (2017-09-20) initialised: dm-devel@redhat.com
[    0.673871] ledtrig-cpu: registered to indicate activity on CPUs
[    0.675327] NET: Registered protocol family 10
[    0.681919] Segment Routing with IPv6
[    0.682735] NET: Registered protocol family 17
[    0.683548] Key type dns_resolver registered
[    0.684605] mce: Using 0 MCE banks
[    0.685691] RAS: Correctable Errors collector initialized.
[    0.687277] sched_clock: Marking stable (684571274, 0)->(819013399, -134442125)
[    0.689657] registered taskstats version 1
[    0.690627] Loading compiled-in X.509 certificates
[    0.695168] Loaded X.509 cert 'Build time autogenerated kernel key: f57eddc348b36f7d35fd4232c73b07389449520d'
[    0.698485] Loaded X.509 cert 'Canonical Ltd. Live Patch Signing: 14df34d1a87cf37625abec039ef2bf521249b969'
[    0.701591] Loaded X.509 cert 'Canonical Ltd. Kernel Module Signing: 88f752e560a1e0737e31163a466ad7b70a850c19'
[    0.703537] zswap: loaded using pool lzo/zbud
[    0.710345] Key type big_key registered
[    0.711131] Key type trusted registered
[    0.714195] Key type encrypted registered
[    0.715251] AppArmor: AppArmor sha1 policy hashing enabled
[    0.716653] ima: No TPM chip found, activating TPM-bypass! (rc=-19)
[    0.718126] ima: Allocated hash algorithm: sha1
[    0.719277] evm: HMAC attrs: 0x1
[    0.720577]   Magic number: 1:162:339
[    0.721448] rtc_cmos rtc_cmos: setting system clock to 2021-08-01 17:19:48 UTC (1627838388)
[    0.723036] BIOS EDD facility v0.16 2004-Jun-25, 0 devices found
[    0.723996] EDD information not available.
[    0.836915] Freeing unused kernel image memory: 2448K
[    0.848310] Write protecting the kernel read-only data: 20480k
[    0.850949] Freeing unused kernel image memory: 2008K
[    0.852335] Freeing unused kernel image memory: 1824K
[    0.860202] x86/mm: Checked W+X mappings: passed, no W+X pages found.
[    0.861318] x86/mm: Checking user space page tables
[    0.868781] x86/mm: Checked W+X mappings: passed, no W+X pages found.
Loading, please wait...
starting version 237
[    0.996451] e1000: Intel(R) PRO/1000 Network Driver - version 7.3.21-k8-NAPI
[    0.998430] e1000: Copyright (c) 1999-2006 Intel Corporation.
[    1.000879] Fusion MPT base driver 3.04.20
[    1.001964] Copyright (c) 1999-2008 LSI Corporation
[    1.017713] AVX version of gcm_enc/dec engaged.
[    1.019000] AES CTR mode by8 optimization enabled
[    1.041166] Fusion MPT SPI Host driver 3.04.20
[    1.207303] input: ImExPS/2 Generic Explorer Mouse as /devices/platform/i8042/serio1/input/input4
[    1.398500] e1000 0000:00:03.0 eth0: (PCI:33MHz:32-bit) 02:2a:e1:ea:70:72
[    1.400348] e1000 0000:00:03.0 eth0: Intel(R) PRO/1000 Network Connection
[    1.783118] e1000 0000:00:08.0 eth1: (PCI:33MHz:32-bit) 08:00:27:e5:ea:6d
[    1.785011] e1000 0000:00:08.0 eth1: Intel(R) PRO/1000 Network Connection
[    1.788860] e1000 0000:00:08.0 enp0s8: renamed from eth1
[    1.790232] mptbase: ioc0: Initiating bringup
[    1.805061] e1000 0000:00:03.0 enp0s3: renamed from eth0
[    1.884828] ioc0: LSI53C1030 A0: Capabilities={Initiator}
[    2.128660] scsi host2: ioc0: LSI53C1030 A0, FwRev=00000000h, Ports=1, MaxQ=256, IRQ=20
[    2.301478] scsi 2:0:0:0: Direct-Access     VBOX     HARDDISK         1.0  PQ: 0 ANSI: 5
[    2.612186] scsi target2:0:0: Beginning Domain Validation
[    2.619322] scsi target2:0:0: Domain Validation skipping write tests
[    2.622031] scsi target2:0:0: Ending Domain Validation
[    2.623689] scsi target2:0:0: asynchronous
[    2.626399] scsi 2:0:1:0: Direct-Access     VBOX     HARDDISK         1.0  PQ: 0 ANSI: 5
[    3.588330] scsi target2:0:1: Beginning Domain Validation
[    3.595059] random: fast init done
[    3.596533] scsi target2:0:1: Domain Validation skipping write tests
[    3.598527] scsi target2:0:1: Ending Domain Validation
[    3.600286] scsi target2:0:1: asynchronous
[    3.606872] sd 2:0:0:0: Attached scsi generic sg0 type 0
[    3.606911] random: systemd-udevd: uninitialized urandom read (16 bytes read)
[    3.608564] sd 2:0:1:0: Attached scsi generic sg1 type 0
[    3.611643] random: systemd-udevd: uninitialized urandom read (16 bytes read)
[    3.615455] random: systemd-udevd: uninitialized urandom read (16 bytes read)
[    3.617855] sd 2:0:0:0: [sda] 83886080 512-byte logical blocks: (42.9 GB/40.0 GiB)
[    3.620787] sd 2:0:1:0: [sdb] 20480 512-byte logical blocks: (10.5 MB/10.0 MiB)
[    3.622811] sd 2:0:0:0: [sda] Write Protect is off
[    3.624225] sd 2:0:1:0: [sdb] Write Protect is off
[    3.625693] sd 2:0:0:0: [sda] Incomplete mode parameter data
[    3.627231] sd 2:0:0:0: [sda] Assuming drive cache: write through
[    3.628937] sd 2:0:1:0: [sdb] Incomplete mode parameter data
[    3.630420] sd 2:0:1:0: [sdb] Assuming drive cache: write through
[    3.634063]  sda: sda1
[    3.638047] sd 2:0:0:0: [sda] Attached SCSI disk
[    3.639642] sd 2:0:1:0: [sdb] Attached SCSI disk
Begin: Loading essential drivers ... [    5.192038] raid6: sse2x1   gen()  9000 MB/s
[    5.240065] raid6: sse2x1   xor()  6350 MB/s
[    5.288036] raid6: sse2x2   gen() 10799 MB/s
[    5.336047] raid6: sse2x2   xor()  7242 MB/s
[    5.384058] raid6: sse2x4   gen() 12879 MB/s
[    5.432077] raid6: sse2x4   xor()  7908 MB/s
[    5.433410] raid6: using algorithm sse2x4 gen() 12879 MB/s
[    5.434871] raid6: .... xor() 7908 MB/s, rmw enabled
[    5.436202] raid6: using ssse3x2 recovery algorithm
[    5.443454] xor: automatically using best checksumming function   avx       
[    5.447184] async_tx: api initialized (async)
done.
Begin: Running /scripts/init-premount ... done.
Begin: Mounting root file system ... Begin: Running /scripts/local-top ... done.
Begin: Running /scripts/local-premount ... [    5.525676] Btrfs loaded, crc32c=crc32c-intel
Scanning for Btrfs filesystems
done.
Warning: fsck not present, so skipping root file system
[    5.613755] EXT4-fs (sda1): mounted filesystem with ordered data mode. Opts: (null)
done.
Begin: Running /scripts/local-bottom ... done.
Begin: Running /scripts/init-bottom ... done.
[    6.587717] ip_tables: (C) 2000-2006 Netfilter Core Team
[    6.614756] systemd[1]: systemd 237 running in system mode. (+PAM +AUDIT +SELINUX +IMA +APPARMOR +SMACK +SYSVINIT +UTMP +LIBCRYPTSETUP +GCRYPT +GNUTLS +ACL +XZ +LZ4 +SECCOMP +BLKID +ELFUTILS +KMOD -IDN2 +IDN -PCRE2 default-hierarchy=hybrid)
[    6.620724] systemd[1]: Detected virtualization oracle.
[    6.622280] systemd[1]: Detected architecture x86-64.

Welcome to [1mUbuntu 18.04.5 LTS[0m!

[    6.647874] systemd[1]: Set hostname to <ubuntu>.
[    6.665145] systemd[1]: Initializing machine ID from random generator.
[    6.669079] systemd[1]: Installed transient /etc/machine-id file.
[    7.593789] random: crng init done
[    7.595164] random: 7 urandom warning(s) missed due to ratelimiting
[    7.756405] systemd[1]: Created slice System Slice.
[[0;32m  OK  [0m] Created slice System Slice.
[    7.759156] systemd[1]: Listening on udev Kernel Socket.
[[0;32m  OK  [0m] Listening on udev Kernel Socket.
[    7.762105] systemd[1]: Listening on fsck to fsckd communication Socket.
[[0;32m  OK  [0m] Listening on fsck to fsckd communication Socket.
[    7.765798] systemd[1]: Set up automount Arbitrary Executable File Formats File System Automount Point.
[[0;32m  OK  [0m] Set up automount Arbitrary Executab…rmats File System Automount Point.
[[0;32m  OK  [0m] Listening on LVM2 poll daemon socket.
[[0;32m  OK  [0m] Listening on Syslog Socket.
[[0;32m  OK  [0m] Listening on LVM2 metadata daemon socket.
[[0;32m  OK  [0m] Listening on /dev/initctl Compatibility Named Pipe.
[[0;32m  OK  [0m] Reached target User and Group Name Lookups.
[[0;32m  OK  [0m] Listening on Journal Audit Socket.
[[0;32m  OK  [0m] Listening on Journal Socket (/dev/log).
[[0;32m  OK  [0m] Listening on udev Control Socket.
[[0;32m  OK  [0m] Started Forward Password Requests to Wall Directory Watch.
[[0;32m  OK  [0m] Listening on Network Service Netlink Socket.
[[0;32m  OK  [0m] Listening on Journal Socket.
         Starting Load Kernel Modules...
         Starting Create list of required st…ce nodes for the current kernel...
         Mounting Huge Pages File System...
         Mounting POSIX Message Queue File System...
         Mounting Kernel Debug File System...
         Starting Uncomplicated firewall...
         Starting Set the console keyboard layout...
[[0;32m  OK  [0m] Listening on Device-mapper event daemon FIFOs.
         Starting Monitoring of LVM2 mirrors…ng dmeventd or progress polling...
[    7.840016] Loading iSCSI transport class v2.0-870.
         Starting udev Coldplug all Devices...
[[0;32m  OK  [0m] Created slice system-serial\x2dgetty.slice.
         Starting File System Check on Root Device...
[[0;32m  OK  [0m] Reached target System Time Synchronized.
[[0;32m  OK  [0m] Created slice User and Session Slice.
[[0;32m  OK  [0m] Reached target Slices.
         Starting Journal Service...
[[0;32m  OK  [0m] Reached target Swap.
[[0;32m  OK  [0m] Started Create list of required sta…vice nodes for the current kernel.
[    8.103693] iscsi: registered transport (tcp)
[[0;32m  OK  [0m] Started Uncomplicated firewall.
[[0;32m  OK  [0m] Started File System Check Daemon to report status.
         Starting Create Static Device Nodes in /dev...
[[0;32m  OK  [0m] Mounted POSIX Message Queue File System.
[[0;32m  OK  [0m] Mounted Huge Pages File System.
[[0;32m  OK  [0m] Mounted Kernel Debug File System.
[[0;32m  OK  [0m] Started Journal Service.
[[0;32m  OK  [0m] Started udev Coldplug all Devices.
[    9.921004] iscsi: registered transport (iser)
[[0;32m  OK  [0m] Started Load Kernel Modules.
         Mounting FUSE Control File System...
         Mounting Kernel Configuration File System...
         Starting Apply Kernel Variables...
[[0;32m  OK  [0m] Mounted FUSE Control File System.
[[0;32m  OK  [0m] Mounted Kernel Configuration File System.
[[0;32m  OK  [0m] Started Set the console keyboard layout.
[[0;32m  OK  [0m] Started File System Check on Root Device.
         Starting Remount Root and Kernel File Systems...
[[0;32m  OK  [0m] Started Apply Kernel Variables.
[[0;32m  OK  [0m] Started Remount Root and Kernel File Systems.
         Starting Load/Save Random Seed...
         Starting Flush Journal to Persistent Storage...
[[0;32m  OK  [0m] Started LVM2 metadata daemon.
[[0;32m  OK  [0m] Started Create Static Device Nodes in /dev.
         Starting udev Kernel Device Manager...
[[0;32m  OK  [0m] Started Load/Save Random Seed.
[[0;32m  OK  [0m] Started udev Kernel Device Manager.
[[0;32m  OK  [0m] Started Dispatch Password Requests to Console Directory Watch.
[[0;32m  OK  [0m] Reached target Local Encrypted Volumes.
[[0;32m  OK  [0m] Started Monitoring of LVM2 mirrors,…sing dmeventd or progress polling.
[[0;32m  OK  [0m] Reached target Local File Systems (Pre).
[[0;32m  OK  [0m] Reached target Local File Systems.
         Starting Set console font and keymap...
         Starting Commit a transient machine-id on disk...
         Starting ebtables ruleset management...
         Starting AppArmor initialization...
         Starting Tell Plymouth To Write Out Runtime Data...
[[0;32m  OK  [0m] Started Flush Journal to Persistent Storage.
         Starting Create Volatile Files and Directories...
[[0;32m  OK  [0m] Started Set console font and keymap.
[[0;32m  OK  [0m] Started Commit a transient machine-id on disk.
[[0;32m  OK  [0m] Started Tell Plymouth To Write Out Runtime Data.
[[0;32m  OK  [0m] Started Create Volatile Files and Directories.
         Starting Update UTMP about System Boot/Shutdown...
[[0;32m  OK  [0m] Started Update UTMP about System Boot/Shutdown.
[[0;32m  OK  [0m] Started ebtables ruleset management.
[[0;32m  OK  [0m] Found device /dev/ttyS0.
[[0;32m  OK  [0m] Listening on Load/Save RF Kill Switch Status /dev/rfkill Watch.
[[0;32m  OK  [0m] Started AppArmor initialization.
         Starting Load AppArmor profiles managed internally by snapd...
         Starting Initial cloud-init job (pre-networking)...
[[0;32m  OK  [0m] Started Load AppArmor profiles managed internally by snapd.
[   16.658897] cloud-init[563]: Cloud-init v. 21.2-3-g899bfaa9-0ubuntu2~18.04.1 running 'init-local' at Sun, 01 Aug 2021 17:20:03 +0000. Up 15.99 seconds.
[[0;32m  OK  [0m] Started Initial cloud-init job (pre-networking).
[[0;32m  OK  [0m] Reached target Network (Pre).
         Starting Network Service...
[[0;32m  OK  [0m] Started Network Service.
         Starting Wait for Network to be Configured...
         Starting Network Name Resolution...
[[0;32m  OK  [0m] Started Network Name Resolution.
[[0;32m  OK  [0m] Reached target Network.
[[0;32m  OK  [0m] Reached target Host and Network Name Lookups.
[[0;32m  OK  [0m] Started Wait for Network to be Configured.
         Starting Initial cloud-init job (metadata service crawler)...
[   19.332000] cloud-init[692]: Cloud-init v. 21.2-3-g899bfaa9-0ubuntu2~18.04.1 running 'init' at Sun, 01 Aug 2021 17:20:06 +0000. Up 19.02 seconds.
[   19.334950] cloud-init[692]: ci-info: ++++++++++++++++++++++++++++++++++++++Net device info+++++++++++++++++++++++++++++++++++++++
[   19.338362] cloud-init[692]: ci-info: +--------+-------+----------------------------+---------------+--------+-------------------+
[   19.341345] cloud-init[692]: ci-info: | Device |   Up  |          Address           |      Mask     | Scope  |     Hw-Address    |
[   19.344683] cloud-init[692]: ci-info: +--------+-------+----------------------------+---------------+--------+-------------------+
[   19.349510] cloud-init[692]: ci-info: | enp0s3 |  True |         10.0.2.15          | 255.255.255.0 | global | 02:2a:e1:ea:70:72 |
[   19.351970] cloud-init[692]: ci-info: | enp0s3 |  True | fe80::2a:e1ff:feea:7072/64 |       .       |  link  | 02:2a:e1:ea:70:72 |
[   19.357040] cloud-init[692]: ci-info: | enp0s8 | False |             .              |       .       |   .    | 08:00:27:e5:ea:6d |
[   19.359488] cloud-init[692]: ci-info: |   lo   |  True |         127.0.0.1          |   255.0.0.0   |  host  |         .         |
[   19.372266] cloud-init[692]: ci-info: |   lo   |  True |          ::1/128           |       .       |  host  |         .         |
[   19.374477] cloud-init[692]: ci-info: +--------+-------+----------------------------+---------------+--------+-------------------+
[   19.377981] cloud-init[692]: ci-info: ++++++++++++++++++++++++++++Route IPv4 info+++++++++++++++++++++++++++++
[   19.382556] cloud-init[692]: ci-info: +-------+-------------+----------+-----------------+-----------+-------+
[   19.385296] cloud-init[692]: ci-info: | Route | Destination | Gateway  |     Genmask     | Interface | Flags |
[   19.387559] cloud-init[692]: ci-info: +-------+-------------+----------+-----------------+-----------+-------+
[   19.389562] cloud-init[692]: ci-info: |   0   |   0.0.0.0   | 10.0.2.2 |     0.0.0.0     |   enp0s3  |   UG  |
[   19.396449] cloud-init[692]: ci-info: |   1   |   10.0.2.0  | 0.0.0.0  |  255.255.255.0  |   enp0s3  |   U   |
[   19.398910] cloud-init[692]: ci-info: |   2   |   10.0.2.2  | 0.0.0.0  | 255.255.255.255 |   enp0s3  |   UH  |
[   19.401480] cloud-init[692]: ci-info: +-------+-------------+----------+-----------------+-----------+-------+
[   19.403899] cloud-init[692]: ci-info: +++++++++++++++++++Route IPv6 info+++++++++++++++++++
[   19.405952] cloud-init[692]: ci-info: +-------+-------------+---------+-----------+-------+
[   19.408006] cloud-init[692]: ci-info: | Route | Destination | Gateway | Interface | Flags |
[   19.410208] cloud-init[692]: ci-info: +-------+-------------+---------+-----------+-------+
[   19.412325] cloud-init[692]: ci-info: |   1   |  fe80::/64  |    ::   |   enp0s3  |   U   |
[   19.414476] cloud-init[692]: ci-info: |   3   |    local    |    ::   |   enp0s3  |   U   |
[   19.416820] cloud-init[692]: ci-info: |   4   |   ff00::/8  |    ::   |   enp0s3  |   U   |
[   19.418965] cloud-init[692]: ci-info: +-------+-------------+---------+-----------+-------+
[   22.387198] cloud-init[692]: Generating public/private rsa key pair.
[   22.388713] cloud-init[692]: Your identification has been saved in /etc/ssh/ssh_host_rsa_key.
[   22.390559] cloud-init[692]: Your public key has been saved in /etc/ssh/ssh_host_rsa_key.pub.
[   22.396893] cloud-init[692]: The key fingerprint is:
[   22.398380] cloud-init[692]: SHA256:qOsr63wTJ0RZKxb4YMzwBKifwjldMMnXKCLlILaJKdI root@ubuntu-bionic
[   22.400453] cloud-init[692]: The key's randomart image is:
[   22.402000] cloud-init[692]: +---[RSA 2048]----+
[   22.403678] cloud-init[692]: |*B+.oo+          |
[   22.405378] cloud-init[692]: |*OO*o+ o         |
[   22.406833] cloud-init[692]: |B+E+B .          |
[   22.408512] cloud-init[692]: |+  .oo .         |
[   22.411809] cloud-init[692]: |..oo. . S        |
[   22.413358] cloud-init[692]: |.+o.o..          |
[   22.414705] cloud-init[692]: | .. .+           |
[   22.415778] cloud-init[692]: | .. o.           |
[   22.417007] cloud-init[692]: | .+=+o           |
[   22.418200] cloud-init[692]: +----[SHA256]-----+
[   22.419385] cloud-init[692]: Generating public/private dsa key pair.
[   22.420964] cloud-init[692]: Your identification has been saved in /etc/ssh/ssh_host_dsa_key.
[   22.422846] cloud-init[692]: Your public key has been saved in /etc/ssh/ssh_host_dsa_key.pub.
[   22.424930] cloud-init[692]: The key fingerprint is:
[   22.426206] cloud-init[692]: SHA256:ZN547Lel+ZjGzvRR4UCxvEvYZXUJCazBFjAbXwmHdNs root@ubuntu-bionic
[   22.428217] cloud-init[692]: The key's randomart image is:
[   22.429510] cloud-init[692]: +---[DSA 1024]----+
[   22.430516] cloud-init[692]: |       +++==o++ +|
[   22.431616] cloud-init[692]: |        ==+o=...o|
[   22.432798] cloud-init[692]: |       .+.o. E + |
[   22.433913] cloud-init[692]: |       + =  o * .|
[   22.435071] cloud-init[692]: |        S +. + ..|
[   22.436237] cloud-init[692]: |         o  . .. |
[   22.437332] cloud-init[692]: |          ..o.o  |
[   22.438437] cloud-init[692]: |           +oO . |
[   22.439555] cloud-init[692]: |           oO.o  |
[   22.440954] cloud-init[692]: +----[SHA256]-----+
[   22.442303] cloud-init[692]: Generating public/private ecdsa key pair.
[   22.450875] cloud-init[692]: Your identification has been saved in /etc/ssh/ssh_host_ecdsa_key.
[   22.452980] cloud-init[692]: Your public key has been saved in /etc/ssh/ssh_host_ecdsa_key.pub.
[   22.455045] cloud-init[692]: The key fingerprint is:
[   22.456728] cloud-init[692]: SHA256:ruERWG6k68EJ4IjPJXaISoBixDraJg1o20LWV1bzW6A root@ubuntu-bionic
[   22.458752] cloud-init[692]: The key's randomart image is:
[   22.460325] cloud-init[692]: +---[ECDSA 256]---+
[   22.461642] cloud-init[692]: |..      .o .     |
[   22.462974] cloud-init[692]: |o.     o  + .    |
[   22.464265] cloud-init[692]: |B..   =  E . .   |
[   22.465569] cloud-init[692]: |%* o B      o    |
[   22.466860] cloud-init[692]: |OBB * + S  .     |
[   22.468347] cloud-init[692]: |=*+B + o         |
[   22.470799] cloud-init[692]: |.o+ = o .        |
[   22.472253] cloud-init[692]: |   . o +         |
[   22.473538] cloud-init[692]: |    . o          |
[   22.474937] cloud-init[692]: +----[SHA256]-----+
[   22.476371] cloud-init[692]: Generating public/private ed25519 key pair.
[   22.478194] cloud-init[692]: Your identification has been saved in /etc/ssh/ssh_host_ed25519_key.
[   22.480376] cloud-init[692]: Your public key has been saved in /etc/ssh/ssh_host_ed25519_key.pub.
[   22.482635] cloud-init[692]: The key fingerprint is:
[   22.484250] cloud-init[692]: SHA256:0FyS8VYCwAK9GIwYFyVjD1Z1L/FNhdD3upOZBRCEQvw root@ubuntu-bionic
[   22.486507] cloud-init[692]: The key's randomart image is:
[   22.504335] cloud-init[692]: +--[ED25519 256]--+
[   22.505660] cloud-init[692]: |o+X*ooo+B++==+.  |
[   22.507138] cloud-init[692]: |o+o=o .++B.=+ .  |
[   22.510682] cloud-init[692]: |   o.o. +o= .o . |
[   22.512907] cloud-init[692]: |  . .  . oE   . .|
[   22.514237] cloud-init[692]: |        S      o |
[   22.515530] cloud-init[692]: |              . .|
[   22.517980] cloud-init[692]: |               * |
[   22.519359] cloud-init[692]: |              *  |
[   22.521119] cloud-init[692]: |               . |
[   22.522561] cloud-init[692]: +----[SHA256]-----+
[[0;32m  OK  [0m] Started Initial cloud-init job (metadata service crawler).
[[0;32m  OK  [0m] Reached target Cloud-config availability.
[[0;32m  OK  [0m] Reached target Network is Online.
         Starting Availability of block devices...
[[0;32m  OK  [0m] Reached target Remote File Systems (Pre).
[[0;32m  OK  [0m] Reached target Remote File Systems.
[[0;32m  OK  [0m] Reached target System Initialization.
[[0;32m  OK  [0m] Started Discard unused blocks once a week.
[[0;32m  OK  [0m] Started Daily apt download activities.
[[0;32m  OK  [0m] Listening on UUID daemon activation socket.
         Starting Socket activation for snappy daemon.
[[0;32m  OK  [0m] Started Ubuntu Advantage update messaging.
[[0;32m  OK  [0m] Started ACPI Events Check.
[[0;32m  OK  [0m] Reached target Paths.
[[0;32m  OK  [0m] Listening on Open-iSCSI iscsid Socket.
[[0;32m  OK  [0m] Listening on D-Bus System Message Bus Socket.
[[0;32m  OK  [0m] Listening on ACPID Listen Socket.
[[0;32m  OK  [0m] Started Daily Cleanup of Temporary Directories.
[[0;32m  OK  [0m] Started Daily apt upgrade and clean activities.
         Starting LXD - unix socket.
[[0;32m  OK  [0m] Started Message of the Day.
[[0;32m  OK  [0m] Reached target Timers.
[[0;32m  OK  [0m] Started Availability of block devices.
[[0;32m  OK  [0m] Listening on Socket activation for snappy daemon.
[[0;32m  OK  [0m] Listening on LXD - unix socket.
[[0;32m  OK  [0m] Reached target Sockets.
[[0;32m  OK  [0m] Reached target Basic System.
         Starting System Logging Service...
[[0;32m  OK  [0m] Started D-Bus System Message Bus.
         Starting Virtualbox guest utils...
[[0;32m  OK  [0m] Started Regular background program processing daemon.
         Starting LXD - container startup/shutdown...
         Starting LSB: automatic crash report generation...
         Starting Snap Daemon...
         Starting LSB: Record successful boot for GRUB...
         Starting Pollinate to seed the pseudo random number generator...
         Starting Permit User Sessions...
         Starting Dispatcher daemon for systemd-networkd...
[[0;32m  OK  [0m] Started FUSE filesystem for LXC.
         Starting Accounts Service...
[[0;32m  OK  [0m] Started irqbalance daemon.
         Starting Login Service...
[[0;32m  OK  [0m] Started Deferred execution scheduler.
[[0;32m  OK  [0m] Started System Logging Service.
[[0;32m  OK  [0m] Started Permit User Sessions.
         Starting Hold until boot process finishes up...
         Starting Terminate Plymouth Boot Screen...
[[0;32m  OK  [0m] Started Hold until boot process finishes up.
         Starting Set console scheme...
[[0;32m  OK  [0m] Started Serial Getty on ttyS0.
[[0;32m  OK  [0m] Started Terminate Plymouth Boot Screen.
[[0;32m  OK  [0m] Started Login Service.
[[0;32m  OK  [0m] Started Unattended Upgrades Shutdown.
[[0;32m  OK  [0m] Started Set console scheme.
[[0;32m  OK  [0m] Created slice system-getty.slice.
[[0;32m  OK  [0m] Started Getty on tty1.
[[0;32m  OK  [0m] Reached target Login Prompts.
[[0;32m  OK  [0m] Started LSB: automatic crash report generation.
[[0;32m  OK  [0m] Started LSB: Record successful boot for GRUB.
         Starting Authorization Manager...
[[0;32m  OK  [0m] Started Virtualbox guest utils.
[[0;32m  OK  [0m] Started Authorization Manager.
[[0;32m  OK  [0m] Started Accounts Service.
[[0;32m  OK  [0m] Started Dispatcher daemon for systemd-networkd.
[[0;32m  OK  [0m] Started LXD - container startup/shutdown.
[[0;32m  OK  [0m] Started Pollinate to seed the pseudo random number generator.
         Starting OpenBSD Secure Shell server...
[[0;32m  OK  [0m] Started OpenBSD Secure Shell server.
[[0;32m  OK  [0m] Started Snap Daemon.
         Starting Wait until snapd is fully seeded...

Ubuntu 18.04.5 LTS ubuntu-bionic ttyS0

ubuntu-bionic login: [   50.183955] cloud-init[1361]: Cloud-init v. 21.2-3-g899bfaa9-0ubuntu2~18.04.1 running 'modules:config' at Sun, 01 Aug 2021 17:20:26 +0000. Up 38.31 seconds.
ci-info: no authorized SSH keys fingerprints found for user ubuntu.
<14>Aug  1 17:20:41 cloud-init: #############################################################
<14>Aug  1 17:20:41 cloud-init: -----BEGIN SSH HOST KEY FINGERPRINTS-----
<14>Aug  1 17:20:41 cloud-init: 1024 SHA256:ZN547Lel+ZjGzvRR4UCxvEvYZXUJCazBFjAbXwmHdNs root@ubuntu-bionic (DSA)
<14>Aug  1 17:20:41 cloud-init: 256 SHA256:ruERWG6k68EJ4IjPJXaISoBixDraJg1o20LWV1bzW6A root@ubuntu-bionic (ECDSA)
<14>Aug  1 17:20:41 cloud-init: 256 SHA256:0FyS8VYCwAK9GIwYFyVjD1Z1L/FNhdD3upOZBRCEQvw root@ubuntu-bionic (ED25519)
<14>Aug  1 17:20:41 cloud-init: 2048 SHA256:qOsr63wTJ0RZKxb4YMzwBKifwjldMMnXKCLlILaJKdI root@ubuntu-bionic (RSA)
<14>Aug  1 17:20:41 cloud-init: -----END SSH HOST KEY FINGERPRINTS-----
<14>Aug  1 17:20:41 cloud-init: #############################################################
-----BEGIN SSH HOST KEY KEYS-----
ecdsa-sha2-nistp256 AAAAE2VjZHNhLXNoYTItbmlzdHAyNTYAAAAIbmlzdHAyNTYAAABBBINowNm20+cU9LfQTT5/FJntdVZcCGYLmw6MZlfrMvqVt1MabVKomGZzUeDGwCDXU7byNqurK/PAPn+iBSBjlmA= root@ubuntu-bionic
ssh-ed25519 AAAAC3NzaC1lZDI1NTE5AAAAIFNKVbwRaZF5GHNBcjE301cJnhdhHSVdVTOiF1osoQaa root@ubuntu-bionic
ssh-rsa AAAAB3NzaC1yc2EAAAADAQABAAABAQD1uSSxcDSlDs6Y5Nc4pkzbicV+vuq//6jYmOqtQRYSX0N2sK3zsXKHgFH1YRjwrTqFeNxbOF6QTxAdX89rCDoggcirPxXm8YgTCPixGGkMB/zCKnfiCX6BomO28BeoWEv8LvHv7/HxhT2AAi7SWNug7nLEEL3ubqq5gH1fYmTZGbMQxP+5NyOyA8oKOf6MvrlwQRrAzMuwHr9ESiD9zflEdEf3JMfP5tjLQsAIoIGJcJ5VfOCQawgvd/0VrDwmr9TxjSDVhCCByK6HgXIOyst+SWZjQwb/b99r0CEYeCV1kA+H3hNnfkJ7Zm2ERG0EF5cmQ/33kwqoPT+HYJVViGFx root@ubuntu-bionic
-----END SSH HOST KEY KEYS-----
[   54.072465] cloud-init[1685]: Cloud-init v. 21.2-3-g899bfaa9-0ubuntu2~18.04.1 running 'modules:final' at Sun, 01 Aug 2021 17:20:41 +0000. Up 53.26 seconds.
[   54.075203] cloud-init[1685]: ci-info: no authorized SSH keys fingerprints found for user ubuntu.
[   54.077130] cloud-init[1685]: Cloud-init v. 21.2-3-g899bfaa9-0ubuntu2~18.04.1 finished at Sun, 01 Aug 2021 17:20:41 +0000. Datasource DataSourceNoCloud [seed=/dev/sdb][dsmode=net].  Up 54.05 seconds
